{"data":{},"file":"main.go:18","func":"main.main","level":"fatal","msg":"Failed to connect to Cassandra Post DB.","time":"2021-06-11 18:13:22"}
{"data":{},"file":"post_handler.go:81","func":"post-service/http/handler.postHandler.GenerateUserFeed","level":"info","msg":"Handling GENERATING USER FEED","time":"2021-06-11 20:56:56"}
{"data":{},"file":"post_usecase.go:217","func":"post-service/usecase.postUseCase.GenerateUserFeed","level":"info","msg":"generating user feed for user e2b5f92e-c31b-11eb-8529-0242ac130003\n","time":"2021-06-11 20:57:00"}
{"data":{},"file":"post_usecase.go:218","func":"post-service/usecase.postUseCase.GenerateUserFeed","level":"info","msg":"getting all user followings for user e2b5f92e-c31b-11eb-8529-0242ac130003 from follow ms\n","time":"2021-06-11 20:57:00"}
{"data":{},"file":"post_handler.go:81","func":"post-service/http/handler.postHandler.GenerateUserFeed","level":"info","msg":"Handling GENERATING USER FEED","time":"2021-06-11 20:57:31"}
{"data":{},"file":"post_usecase.go:217","func":"post-service/usecase.postUseCase.GenerateUserFeed","level":"info","msg":"generating user feed for user e2b5f92e-c31b-11eb-8529-0242ac130003\n","time":"2021-06-11 20:57:31"}
{"data":{},"file":"post_usecase.go:218","func":"post-service/usecase.postUseCase.GenerateUserFeed","level":"info","msg":"getting all user followings for user e2b5f92e-c31b-11eb-8529-0242ac130003 from follow ms\n","time":"2021-06-11 20:57:31"}
{"data":{},"file":"post_handler.go:81","func":"post-service/http/handler.postHandler.GenerateUserFeed","level":"info","msg":"Handling GENERATING USER FEED","time":"2021-06-11 20:58:54"}
{"data":{},"file":"post_usecase.go:217","func":"post-service/usecase.postUseCase.GenerateUserFeed","level":"info","msg":"generating user feed for user e2b5f92e-c31b-11eb-8529-0242ac130003\n","time":"2021-06-11 20:58:54"}
{"data":{},"file":"post_usecase.go:218","func":"post-service/usecase.postUseCase.GenerateUserFeed","level":"info","msg":"getting all user followings for user e2b5f92e-c31b-11eb-8529-0242ac130003 from follow ms\n","time":"2021-06-11 20:58:54"}
{"data":{},"file":"post_handler.go:81","func":"post-service/http/handler.postHandler.GenerateUserFeed","level":"info","msg":"Handling GENERATING USER FEED","time":"2021-06-11 20:59:05"}
{"data":{},"file":"post_usecase.go:217","func":"post-service/usecase.postUseCase.GenerateUserFeed","level":"info","msg":"generating user feed for user e2b5f92e-c31b-11eb-8529-0242ac130003\n","time":"2021-06-11 20:59:05"}
{"data":{},"file":"post_usecase.go:218","func":"post-service/usecase.postUseCase.GenerateUserFeed","level":"info","msg":"getting all user followings for user e2b5f92e-c31b-11eb-8529-0242ac130003 from follow ms\n","time":"2021-06-11 20:59:05"}
{"data":{},"file":"post_handler.go:81","func":"post-service/http/handler.postHandler.GenerateUserFeed","level":"info","msg":"Handling GENERATING USER FEED","time":"2021-06-11 20:59:50"}
{"data":{},"file":"post_usecase.go:217","func":"post-service/usecase.postUseCase.GenerateUserFeed","level":"info","msg":"generating user feed for user e2b5f92e-c31b-11eb-8529-0242ac130003\n","time":"2021-06-11 20:59:50"}
{"data":{},"file":"post_usecase.go:218","func":"post-service/usecase.postUseCase.GenerateUserFeed","level":"info","msg":"getting all user followings for user e2b5f92e-c31b-11eb-8529-0242ac130003 from follow ms\n","time":"2021-06-11 20:59:50"}
{"data":{},"file":"post_handler.go:81","func":"post-service/http/handler.postHandler.GenerateUserFeed","level":"info","msg":"Handling GENERATING USER FEED","time":"2021-06-11 21:01:08"}
{"data":{},"file":"post_usecase.go:217","func":"post-service/usecase.postUseCase.GenerateUserFeed","level":"info","msg":"generating user feed for user e2b5f92e-c31b-11eb-8529-0242ac130003\n","time":"2021-06-11 21:01:08"}
{"data":{},"file":"post_usecase.go:218","func":"post-service/usecase.postUseCase.GenerateUserFeed","level":"info","msg":"getting all user followings for user e2b5f92e-c31b-11eb-8529-0242ac130003 from follow ms\n","time":"2021-06-11 21:01:08"}
{"data":{},"file":"post_handler.go:81","func":"post-service/http/handler.postHandler.GenerateUserFeed","level":"info","msg":"Handling GENERATING USER FEED","time":"2021-06-11 21:02:42"}
{"data":{},"file":"post_usecase.go:217","func":"post-service/usecase.postUseCase.GenerateUserFeed","level":"info","msg":"generating user feed for user e2b5f92e-c31b-11eb-8529-0242ac130003\n","time":"2021-06-11 21:02:42"}
{"data":{},"file":"post_usecase.go:218","func":"post-service/usecase.postUseCase.GenerateUserFeed","level":"info","msg":"getting all user followings for user e2b5f92e-c31b-11eb-8529-0242ac130003 from follow ms\n","time":"2021-06-11 21:02:42"}
{"data":{},"file":"post_usecase.go:184","func":"post-service/usecase.postUseCase.DecodeBase64","level":"info","msg":"decoding base64 for image pablo.jpg and user 43420055-3174-4c2a-9823-a8f060d644c3\n","time":"2021-06-11 21:02:42"}
{"data":{},"file":"post_usecase.go:184","func":"post-service/usecase.postUseCase.DecodeBase64","level":"info","msg":"decoding base64 for image shone.jpg and user 424935b1-766c-4f99-b306-9263731518bc\n","time":"2021-06-11 21:02:42"}
{"data":{},"file":"post_usecase.go:184","func":"post-service/usecase.postUseCase.DecodeBase64","level":"info","msg":"decoding base64 for image pablo.jpg and user a2c2f993-dc32-4a82-82ed-a5f6866f7d03\n","time":"2021-06-11 21:02:42"}
{"data":{},"file":"post_handler.go:81","func":"post-service/http/handler.postHandler.GenerateUserFeed","level":"info","msg":"Handling GENERATING USER FEED","time":"2021-06-11 21:04:21"}
{"data":{},"file":"post_usecase.go:217","func":"post-service/usecase.postUseCase.GenerateUserFeed","level":"info","msg":"generating user feed for user e2b5f92e-c31b-11eb-8529-0242ac130003\n","time":"2021-06-11 21:04:21"}
{"data":{},"file":"post_usecase.go:218","func":"post-service/usecase.postUseCase.GenerateUserFeed","level":"info","msg":"getting all user followings for user e2b5f92e-c31b-11eb-8529-0242ac130003 from follow ms\n","time":"2021-06-11 21:04:21"}
{"data":{},"file":"post_usecase.go:184","func":"post-service/usecase.postUseCase.DecodeBase64","level":"info","msg":"decoding base64 for image shone.jpg and user 424935b1-766c-4f99-b306-9263731518bc\n","time":"2021-06-11 21:04:21"}
{"data":{},"file":"post_usecase.go:184","func":"post-service/usecase.postUseCase.DecodeBase64","level":"info","msg":"decoding base64 for image pablo.jpg and user a2c2f993-dc32-4a82-82ed-a5f6866f7d03\n","time":"2021-06-11 21:04:52"}
{"data":{},"file":"post_usecase.go:184","func":"post-service/usecase.postUseCase.DecodeBase64","level":"info","msg":"decoding base64 for image pablo.jpg and user 43420055-3174-4c2a-9823-a8f060d644c3\n","time":"2021-06-11 21:04:54"}
{"data":{},"file":"post_handler.go:81","func":"post-service/http/handler.postHandler.GenerateUserFeed","level":"info","msg":"Handling GENERATING USER FEED","time":"2021-06-11 21:05:18"}
{"data":{},"file":"post_usecase.go:217","func":"post-service/usecase.postUseCase.GenerateUserFeed","level":"info","msg":"generating user feed for user e2b5f92e-c31b-11eb-8529-0242ac130003\n","time":"2021-06-11 21:05:18"}
{"data":{},"file":"post_usecase.go:218","func":"post-service/usecase.postUseCase.GenerateUserFeed","level":"info","msg":"getting all user followings for user e2b5f92e-c31b-11eb-8529-0242ac130003 from follow ms\n","time":"2021-06-11 21:05:18"}
{"data":{},"file":"post_usecase.go:184","func":"post-service/usecase.postUseCase.DecodeBase64","level":"info","msg":"decoding base64 for image shone.jpg and user 424935b1-766c-4f99-b306-9263731518bc\n","time":"2021-06-11 21:05:18"}
{"data":{},"file":"post_usecase.go:184","func":"post-service/usecase.postUseCase.DecodeBase64","level":"info","msg":"decoding base64 for image pablo.jpg and user a2c2f993-dc32-4a82-82ed-a5f6866f7d03\n","time":"2021-06-11 21:05:18"}
{"data":{},"file":"post_usecase.go:184","func":"post-service/usecase.postUseCase.DecodeBase64","level":"info","msg":"decoding base64 for image pablo.jpg and user 43420055-3174-4c2a-9823-a8f060d644c3\n","time":"2021-06-11 21:05:18"}
